{
  error: Error: listen EADDRINUSE: address already in use :::5000
      at Server.setupListenHandle [as _listen2] (node:net:1937:16)
      at listenInCluster (node:net:1994:12)
      at Server.listen (node:net:2099:7)
      at Function.listen (/Users/junaid/Documents/PMS/backend/node_modules/express/lib/application.js:635:24)
      at startServer (/Users/junaid/Documents/PMS/backend/server.js:175:24)
      at process.processTicksAndRejections (node:internal/process/task_queues:105:5) {
    code: 'EADDRINUSE',
    errno: -48,
    syscall: 'listen',
    address: '::',
    port: 5000
  },
  level: 'error',
  message: 'uncaughtException: listen EADDRINUSE: address already in use :::5000\n' +
    'Error: listen EADDRINUSE: address already in use :::5000\n' +
    '    at Server.setupListenHandle [as _listen2] (node:net:1937:16)\n' +
    '    at listenInCluster (node:net:1994:12)\n' +
    '    at Server.listen (node:net:2099:7)\n' +
    '    at Function.listen (/Users/junaid/Documents/PMS/backend/node_modules/express/lib/application.js:635:24)\n' +
    '    at startServer (/Users/junaid/Documents/PMS/backend/server.js:175:24)\n' +
    '    at process.processTicksAndRejections (node:internal/process/task_queues:105:5)',
  stack: 'Error: listen EADDRINUSE: address already in use :::5000\n' +
    '    at Server.setupListenHandle [as _listen2] (node:net:1937:16)\n' +
    '    at listenInCluster (node:net:1994:12)\n' +
    '    at Server.listen (node:net:2099:7)\n' +
    '    at Function.listen (/Users/junaid/Documents/PMS/backend/node_modules/express/lib/application.js:635:24)\n' +
    '    at startServer (/Users/junaid/Documents/PMS/backend/server.js:175:24)\n' +
    '    at process.processTicksAndRejections (node:internal/process/task_queues:105:5)',
  exception: true,
  date: 'Sat Jun 28 2025 23:53:03 GMT-0500 (Central Daylight Time)',
  process: {
    pid: 62077,
    uid: 501,
    gid: 20,
    cwd: '/Users/junaid/Documents/PMS/backend',
    execPath: '/usr/local/bin/node',
    version: 'v22.14.0',
    argv: [
      '/usr/local/bin/node',
      '/Users/junaid/Documents/PMS/backend/server.js'
    ],
    memoryUsage: {
      rss: 76132352,
      heapTotal: 54177792,
      heapUsed: 21516472,
      external: 2189340,
      arrayBuffers: 17499
    }
  },
  os: {
    loadavg: [ 3.95068359375, 3.11962890625, 2.8779296875 ],
    uptime: 949741
  },
  trace: [
    {
      column: 16,
      file: 'node:net',
      function: 'Server.setupListenHandle [as _listen2]',
      line: 1937,
      method: 'setupListenHandle [as _listen2]',
      native: false
    },
    {
      column: 12,
      file: 'node:net',
      function: 'listenInCluster',
      line: 1994,
      method: null,
      native: false
    },
    {
      column: 7,
      file: 'node:net',
      function: 'Server.listen',
      line: 2099,
      method: 'listen',
      native: false
    },
    {
      column: 24,
      file: '/Users/junaid/Documents/PMS/backend/node_modules/express/lib/application.js',
      function: 'Function.listen',
      line: 635,
      method: 'listen',
      native: false
    },
    {
      column: 24,
      file: '/Users/junaid/Documents/PMS/backend/server.js',
      function: 'startServer',
      line: 175,
      method: null,
      native: false
    },
    {
      column: 5,
      file: 'node:internal/process/task_queues',
      function: 'process.processTicksAndRejections',
      line: 105,
      method: 'processTicksAndRejections',
      native: false
    }
  ],
  service: 'pms-api',
  timestamp: '2025-06-28 23:53:03'
}
{
  error: Error: listen EADDRINUSE: address already in use :::5000
      at Server.setupListenHandle [as _listen2] (node:net:1937:16)
      at listenInCluster (node:net:1994:12)
      at Server.listen (node:net:2099:7)
      at Function.listen (/Users/junaid/Documents/PMS/backend/node_modules/express/lib/application.js:635:24)
      at startServer (/Users/junaid/Documents/PMS/backend/server.js:175:24)
      at process.processTicksAndRejections (node:internal/process/task_queues:105:5) {
    code: 'EADDRINUSE',
    errno: -48,
    syscall: 'listen',
    address: '::',
    port: 5000
  },
  level: 'error',
  message: 'uncaughtException: listen EADDRINUSE: address already in use :::5000\n' +
    'Error: listen EADDRINUSE: address already in use :::5000\n' +
    '    at Server.setupListenHandle [as _listen2] (node:net:1937:16)\n' +
    '    at listenInCluster (node:net:1994:12)\n' +
    '    at Server.listen (node:net:2099:7)\n' +
    '    at Function.listen (/Users/junaid/Documents/PMS/backend/node_modules/express/lib/application.js:635:24)\n' +
    '    at startServer (/Users/junaid/Documents/PMS/backend/server.js:175:24)\n' +
    '    at process.processTicksAndRejections (node:internal/process/task_queues:105:5)',
  stack: 'Error: listen EADDRINUSE: address already in use :::5000\n' +
    '    at Server.setupListenHandle [as _listen2] (node:net:1937:16)\n' +
    '    at listenInCluster (node:net:1994:12)\n' +
    '    at Server.listen (node:net:2099:7)\n' +
    '    at Function.listen (/Users/junaid/Documents/PMS/backend/node_modules/express/lib/application.js:635:24)\n' +
    '    at startServer (/Users/junaid/Documents/PMS/backend/server.js:175:24)\n' +
    '    at process.processTicksAndRejections (node:internal/process/task_queues:105:5)',
  exception: true,
  date: 'Sat Jun 28 2025 23:53:18 GMT-0500 (Central Daylight Time)',
  process: {
    pid: 62109,
    uid: 501,
    gid: 20,
    cwd: '/Users/junaid/Documents/PMS/backend',
    execPath: '/usr/local/bin/node',
    version: 'v22.14.0',
    argv: [
      '/usr/local/bin/node',
      '/Users/junaid/Documents/PMS/backend/server.js'
    ],
    memoryUsage: {
      rss: 75624448,
      heapTotal: 54177792,
      heapUsed: 21435496,
      external: 2190476,
      arrayBuffers: 17499
    }
  },
  os: {
    loadavg: [ 3.6962890625, 3.09765625, 2.87353515625 ],
    uptime: 949756
  },
  trace: [
    {
      column: 16,
      file: 'node:net',
      function: 'Server.setupListenHandle [as _listen2]',
      line: 1937,
      method: 'setupListenHandle [as _listen2]',
      native: false
    },
    {
      column: 12,
      file: 'node:net',
      function: 'listenInCluster',
      line: 1994,
      method: null,
      native: false
    },
    {
      column: 7,
      file: 'node:net',
      function: 'Server.listen',
      line: 2099,
      method: 'listen',
      native: false
    },
    {
      column: 24,
      file: '/Users/junaid/Documents/PMS/backend/node_modules/express/lib/application.js',
      function: 'Function.listen',
      line: 635,
      method: 'listen',
      native: false
    },
    {
      column: 24,
      file: '/Users/junaid/Documents/PMS/backend/server.js',
      function: 'startServer',
      line: 175,
      method: null,
      native: false
    },
    {
      column: 5,
      file: 'node:internal/process/task_queues',
      function: 'process.processTicksAndRejections',
      line: 105,
      method: 'processTicksAndRejections',
      native: false
    }
  ],
  service: 'pms-api',
  timestamp: '2025-06-28 23:53:18'
}
