{
  error: ReferenceError: getActiveTenantCount is not defined
      at Object.<anonymous> (/Users/junaid/Documents/PMS/backend/routes/tenant/tenants.js:54:39)
      at Module._compile (node:internal/modules/cjs/loader:1554:14)
      at Object..js (node:internal/modules/cjs/loader:1706:10)
      at Module.load (node:internal/modules/cjs/loader:1289:32)
      at Function._load (node:internal/modules/cjs/loader:1108:12)
      at TracingChannel.traceSync (node:diagnostics_channel:322:14)
      at wrapModuleLoad (node:internal/modules/cjs/loader:220:24)
      at Module.require (node:internal/modules/cjs/loader:1311:12)
      at require (node:internal/modules/helpers:136:16)
      at Object.<anonymous> (/Users/junaid/Documents/PMS/backend/server.js:22:17),
  level: 'error',
  message: 'uncaughtException: getActiveTenantCount is not defined\n' +
    'ReferenceError: getActiveTenantCount is not defined\n' +
    '    at Object.<anonymous> (/Users/junaid/Documents/PMS/backend/routes/tenant/tenants.js:54:39)\n' +
    '    at Module._compile (node:internal/modules/cjs/loader:1554:14)\n' +
    '    at Object..js (node:internal/modules/cjs/loader:1706:10)\n' +
    '    at Module.load (node:internal/modules/cjs/loader:1289:32)\n' +
    '    at Function._load (node:internal/modules/cjs/loader:1108:12)\n' +
    '    at TracingChannel.traceSync (node:diagnostics_channel:322:14)\n' +
    '    at wrapModuleLoad (node:internal/modules/cjs/loader:220:24)\n' +
    '    at Module.require (node:internal/modules/cjs/loader:1311:12)\n' +
    '    at require (node:internal/modules/helpers:136:16)\n' +
    '    at Object.<anonymous> (/Users/junaid/Documents/PMS/backend/server.js:22:17)',
  stack: 'ReferenceError: getActiveTenantCount is not defined\n' +
    '    at Object.<anonymous> (/Users/junaid/Documents/PMS/backend/routes/tenant/tenants.js:54:39)\n' +
    '    at Module._compile (node:internal/modules/cjs/loader:1554:14)\n' +
    '    at Object..js (node:internal/modules/cjs/loader:1706:10)\n' +
    '    at Module.load (node:internal/modules/cjs/loader:1289:32)\n' +
    '    at Function._load (node:internal/modules/cjs/loader:1108:12)\n' +
    '    at TracingChannel.traceSync (node:diagnostics_channel:322:14)\n' +
    '    at wrapModuleLoad (node:internal/modules/cjs/loader:220:24)\n' +
    '    at Module.require (node:internal/modules/cjs/loader:1311:12)\n' +
    '    at require (node:internal/modules/helpers:136:16)\n' +
    '    at Object.<anonymous> (/Users/junaid/Documents/PMS/backend/server.js:22:17)',
  exception: true,
  date: 'Sun Jun 29 2025 00:39:56 GMT-0500 (Central Daylight Time)',
  process: {
    pid: 66542,
    uid: 501,
    gid: 20,
    cwd: '/Users/junaid/Documents/PMS/backend',
    execPath: '/usr/local/bin/node',
    version: 'v22.14.0',
    argv: [
      '/usr/local/bin/node',
      '/Users/junaid/Documents/PMS/backend/server.js'
    ],
    memoryUsage: {
      rss: 75780096,
      heapTotal: 34779136,
      heapUsed: 18669616,
      external: 2170196,
      arrayBuffers: 16799
    }
  },
  os: {
    loadavg: [ 3.64892578125, 3.556640625, 3.35693359375 ],
    uptime: 952554
  },
  trace: [
    {
      column: 39,
      file: '/Users/junaid/Documents/PMS/backend/routes/tenant/tenants.js',
      function: null,
      line: 54,
      method: null,
      native: false
    },
    {
      column: 14,
      file: 'node:internal/modules/cjs/loader',
      function: 'Module._compile',
      line: 1554,
      method: '_compile',
      native: false
    },
    {
      column: 10,
      file: 'node:internal/modules/cjs/loader',
      function: 'Object..js',
      line: 1706,
      method: '.js',
      native: false
    },
    {
      column: 32,
      file: 'node:internal/modules/cjs/loader',
      function: 'Module.load',
      line: 1289,
      method: 'load',
      native: false
    },
    {
      column: 12,
      file: 'node:internal/modules/cjs/loader',
      function: 'Function._load',
      line: 1108,
      method: '_load',
      native: false
    },
    {
      column: 14,
      file: 'node:diagnostics_channel',
      function: 'TracingChannel.traceSync',
      line: 322,
      method: 'traceSync',
      native: false
    },
    {
      column: 24,
      file: 'node:internal/modules/cjs/loader',
      function: 'wrapModuleLoad',
      line: 220,
      method: null,
      native: false
    },
    {
      column: 12,
      file: 'node:internal/modules/cjs/loader',
      function: 'Module.require',
      line: 1311,
      method: 'require',
      native: false
    },
    {
      column: 16,
      file: 'node:internal/modules/helpers',
      function: 'require',
      line: 136,
      method: null,
      native: false
    },
    {
      column: 17,
      file: '/Users/junaid/Documents/PMS/backend/server.js',
      function: null,
      line: 22,
      method: null,
      native: false
    }
  ],
  service: 'pms-api',
  timestamp: '2025-06-29 00:39:56'
}
{
  error: Error: Route.get() requires a callback function but got a [object Undefined]
      at Route.<computed> [as get] (/Users/junaid/Documents/PMS/backend/node_modules/express/lib/router/route.js:216:15)
      at Object.<anonymous> (/Users/junaid/Documents/PMS/backend/routes/tenant/tenants.js:55:4)
      at Module._compile (node:internal/modules/cjs/loader:1554:14)
      at Object..js (node:internal/modules/cjs/loader:1706:10)
      at Module.load (node:internal/modules/cjs/loader:1289:32)
      at Function._load (node:internal/modules/cjs/loader:1108:12)
      at TracingChannel.traceSync (node:diagnostics_channel:322:14)
      at wrapModuleLoad (node:internal/modules/cjs/loader:220:24)
      at Module.require (node:internal/modules/cjs/loader:1311:12)
      at require (node:internal/modules/helpers:136:16),
  level: 'error',
  message: 'uncaughtException: Route.get() requires a callback function but got a [object Undefined]\n' +
    'Error: Route.get() requires a callback function but got a [object Undefined]\n' +
    '    at Route.<computed> [as get] (/Users/junaid/Documents/PMS/backend/node_modules/express/lib/router/route.js:216:15)\n' +
    '    at Object.<anonymous> (/Users/junaid/Documents/PMS/backend/routes/tenant/tenants.js:55:4)\n' +
    '    at Module._compile (node:internal/modules/cjs/loader:1554:14)\n' +
    '    at Object..js (node:internal/modules/cjs/loader:1706:10)\n' +
    '    at Module.load (node:internal/modules/cjs/loader:1289:32)\n' +
    '    at Function._load (node:internal/modules/cjs/loader:1108:12)\n' +
    '    at TracingChannel.traceSync (node:diagnostics_channel:322:14)\n' +
    '    at wrapModuleLoad (node:internal/modules/cjs/loader:220:24)\n' +
    '    at Module.require (node:internal/modules/cjs/loader:1311:12)\n' +
    '    at require (node:internal/modules/helpers:136:16)',
  stack: 'Error: Route.get() requires a callback function but got a [object Undefined]\n' +
    '    at Route.<computed> [as get] (/Users/junaid/Documents/PMS/backend/node_modules/express/lib/router/route.js:216:15)\n' +
    '    at Object.<anonymous> (/Users/junaid/Documents/PMS/backend/routes/tenant/tenants.js:55:4)\n' +
    '    at Module._compile (node:internal/modules/cjs/loader:1554:14)\n' +
    '    at Object..js (node:internal/modules/cjs/loader:1706:10)\n' +
    '    at Module.load (node:internal/modules/cjs/loader:1289:32)\n' +
    '    at Function._load (node:internal/modules/cjs/loader:1108:12)\n' +
    '    at TracingChannel.traceSync (node:diagnostics_channel:322:14)\n' +
    '    at wrapModuleLoad (node:internal/modules/cjs/loader:220:24)\n' +
    '    at Module.require (node:internal/modules/cjs/loader:1311:12)\n' +
    '    at require (node:internal/modules/helpers:136:16)',
  exception: true,
  date: 'Sun Jun 29 2025 00:40:29 GMT-0500 (Central Daylight Time)',
  process: {
    pid: 66584,
    uid: 501,
    gid: 20,
    cwd: '/Users/junaid/Documents/PMS/backend',
    execPath: '/usr/local/bin/node',
    version: 'v22.14.0',
    argv: [
      '/usr/local/bin/node',
      '/Users/junaid/Documents/PMS/backend/server.js'
    ],
    memoryUsage: {
      rss: 72515584,
      heapTotal: 36876288,
      heapUsed: 24529376,
      external: 2170236,
      arrayBuffers: 16799
    }
  },
  os: {
    loadavg: [ 3.79296875, 3.5849609375, 3.37158203125 ],
    uptime: 952587
  },
  trace: [
    {
      column: 15,
      file: '/Users/junaid/Documents/PMS/backend/node_modules/express/lib/router/route.js',
      function: 'Route.<computed> [as get]',
      line: 216,
      method: '<computed> [as get]',
      native: false
    },
    {
      column: 4,
      file: '/Users/junaid/Documents/PMS/backend/routes/tenant/tenants.js',
      function: null,
      line: 55,
      method: null,
      native: false
    },
    {
      column: 14,
      file: 'node:internal/modules/cjs/loader',
      function: 'Module._compile',
      line: 1554,
      method: '_compile',
      native: false
    },
    {
      column: 10,
      file: 'node:internal/modules/cjs/loader',
      function: 'Object..js',
      line: 1706,
      method: '.js',
      native: false
    },
    {
      column: 32,
      file: 'node:internal/modules/cjs/loader',
      function: 'Module.load',
      line: 1289,
      method: 'load',
      native: false
    },
    {
      column: 12,
      file: 'node:internal/modules/cjs/loader',
      function: 'Function._load',
      line: 1108,
      method: '_load',
      native: false
    },
    {
      column: 14,
      file: 'node:diagnostics_channel',
      function: 'TracingChannel.traceSync',
      line: 322,
      method: 'traceSync',
      native: false
    },
    {
      column: 24,
      file: 'node:internal/modules/cjs/loader',
      function: 'wrapModuleLoad',
      line: 220,
      method: null,
      native: false
    },
    {
      column: 12,
      file: 'node:internal/modules/cjs/loader',
      function: 'Module.require',
      line: 1311,
      method: 'require',
      native: false
    },
    {
      column: 16,
      file: 'node:internal/modules/helpers',
      function: 'require',
      line: 136,
      method: null,
      native: false
    }
  ],
  service: 'pms-api',
  timestamp: '2025-06-29 00:40:29'
}
{
  error: Error: Route.get() requires a callback function but got a [object Undefined]
      at Route.<computed> [as get] (/Users/junaid/Documents/PMS/backend/node_modules/express/lib/router/route.js:216:15)
      at Object.<anonymous> (/Users/junaid/Documents/PMS/backend/routes/tenant/tenants.js:55:4)
      at Module._compile (node:internal/modules/cjs/loader:1554:14)
      at Object..js (node:internal/modules/cjs/loader:1706:10)
      at Module.load (node:internal/modules/cjs/loader:1289:32)
      at Function._load (node:internal/modules/cjs/loader:1108:12)
      at TracingChannel.traceSync (node:diagnostics_channel:322:14)
      at wrapModuleLoad (node:internal/modules/cjs/loader:220:24)
      at Module.require (node:internal/modules/cjs/loader:1311:12)
      at require (node:internal/modules/helpers:136:16),
  level: 'error',
  message: 'uncaughtException: Route.get() requires a callback function but got a [object Undefined]\n' +
    'Error: Route.get() requires a callback function but got a [object Undefined]\n' +
    '    at Route.<computed> [as get] (/Users/junaid/Documents/PMS/backend/node_modules/express/lib/router/route.js:216:15)\n' +
    '    at Object.<anonymous> (/Users/junaid/Documents/PMS/backend/routes/tenant/tenants.js:55:4)\n' +
    '    at Module._compile (node:internal/modules/cjs/loader:1554:14)\n' +
    '    at Object..js (node:internal/modules/cjs/loader:1706:10)\n' +
    '    at Module.load (node:internal/modules/cjs/loader:1289:32)\n' +
    '    at Function._load (node:internal/modules/cjs/loader:1108:12)\n' +
    '    at TracingChannel.traceSync (node:diagnostics_channel:322:14)\n' +
    '    at wrapModuleLoad (node:internal/modules/cjs/loader:220:24)\n' +
    '    at Module.require (node:internal/modules/cjs/loader:1311:12)\n' +
    '    at require (node:internal/modules/helpers:136:16)',
  stack: 'Error: Route.get() requires a callback function but got a [object Undefined]\n' +
    '    at Route.<computed> [as get] (/Users/junaid/Documents/PMS/backend/node_modules/express/lib/router/route.js:216:15)\n' +
    '    at Object.<anonymous> (/Users/junaid/Documents/PMS/backend/routes/tenant/tenants.js:55:4)\n' +
    '    at Module._compile (node:internal/modules/cjs/loader:1554:14)\n' +
    '    at Object..js (node:internal/modules/cjs/loader:1706:10)\n' +
    '    at Module.load (node:internal/modules/cjs/loader:1289:32)\n' +
    '    at Function._load (node:internal/modules/cjs/loader:1108:12)\n' +
    '    at TracingChannel.traceSync (node:diagnostics_channel:322:14)\n' +
    '    at wrapModuleLoad (node:internal/modules/cjs/loader:220:24)\n' +
    '    at Module.require (node:internal/modules/cjs/loader:1311:12)\n' +
    '    at require (node:internal/modules/helpers:136:16)',
  exception: true,
  date: 'Sun Jun 29 2025 00:40:59 GMT-0500 (Central Daylight Time)',
  process: {
    pid: 66628,
    uid: 501,
    gid: 20,
    cwd: '/Users/junaid/Documents/PMS/backend',
    execPath: '/usr/local/bin/node',
    version: 'v22.14.0',
    argv: [
      '/usr/local/bin/node',
      '/Users/junaid/Documents/PMS/backend/server.js'
    ],
    memoryUsage: {
      rss: 76374016,
      heapTotal: 35041280,
      heapUsed: 24603696,
      external: 2170236,
      arrayBuffers: 16799
    }
  },
  os: {
    loadavg: [ 4.4384765625, 3.79052734375, 3.4541015625 ],
    uptime: 952617
  },
  trace: [
    {
      column: 15,
      file: '/Users/junaid/Documents/PMS/backend/node_modules/express/lib/router/route.js',
      function: 'Route.<computed> [as get]',
      line: 216,
      method: '<computed> [as get]',
      native: false
    },
    {
      column: 4,
      file: '/Users/junaid/Documents/PMS/backend/routes/tenant/tenants.js',
      function: null,
      line: 55,
      method: null,
      native: false
    },
    {
      column: 14,
      file: 'node:internal/modules/cjs/loader',
      function: 'Module._compile',
      line: 1554,
      method: '_compile',
      native: false
    },
    {
      column: 10,
      file: 'node:internal/modules/cjs/loader',
      function: 'Object..js',
      line: 1706,
      method: '.js',
      native: false
    },
    {
      column: 32,
      file: 'node:internal/modules/cjs/loader',
      function: 'Module.load',
      line: 1289,
      method: 'load',
      native: false
    },
    {
      column: 12,
      file: 'node:internal/modules/cjs/loader',
      function: 'Function._load',
      line: 1108,
      method: '_load',
      native: false
    },
    {
      column: 14,
      file: 'node:diagnostics_channel',
      function: 'TracingChannel.traceSync',
      line: 322,
      method: 'traceSync',
      native: false
    },
    {
      column: 24,
      file: 'node:internal/modules/cjs/loader',
      function: 'wrapModuleLoad',
      line: 220,
      method: null,
      native: false
    },
    {
      column: 12,
      file: 'node:internal/modules/cjs/loader',
      function: 'Module.require',
      line: 1311,
      method: 'require',
      native: false
    },
    {
      column: 16,
      file: 'node:internal/modules/helpers',
      function: 'require',
      line: 136,
      method: null,
      native: false
    }
  ],
  service: 'pms-api',
  timestamp: '2025-06-29 00:40:59'
}
{
  error: Error: Route.get() requires a callback function but got a [object Undefined]
      at Route.<computed> [as get] (/Users/junaid/Documents/PMS/backend/node_modules/express/lib/router/route.js:216:15)
      at Object.<anonymous> (/Users/junaid/Documents/PMS/backend/routes/tenant/tenants.js:55:4)
      at Module._compile (node:internal/modules/cjs/loader:1554:14)
      at Object..js (node:internal/modules/cjs/loader:1706:10)
      at Module.load (node:internal/modules/cjs/loader:1289:32)
      at Function._load (node:internal/modules/cjs/loader:1108:12)
      at TracingChannel.traceSync (node:diagnostics_channel:322:14)
      at wrapModuleLoad (node:internal/modules/cjs/loader:220:24)
      at Module.require (node:internal/modules/cjs/loader:1311:12)
      at require (node:internal/modules/helpers:136:16),
  level: 'error',
  message: 'uncaughtException: Route.get() requires a callback function but got a [object Undefined]\n' +
    'Error: Route.get() requires a callback function but got a [object Undefined]\n' +
    '    at Route.<computed> [as get] (/Users/junaid/Documents/PMS/backend/node_modules/express/lib/router/route.js:216:15)\n' +
    '    at Object.<anonymous> (/Users/junaid/Documents/PMS/backend/routes/tenant/tenants.js:55:4)\n' +
    '    at Module._compile (node:internal/modules/cjs/loader:1554:14)\n' +
    '    at Object..js (node:internal/modules/cjs/loader:1706:10)\n' +
    '    at Module.load (node:internal/modules/cjs/loader:1289:32)\n' +
    '    at Function._load (node:internal/modules/cjs/loader:1108:12)\n' +
    '    at TracingChannel.traceSync (node:diagnostics_channel:322:14)\n' +
    '    at wrapModuleLoad (node:internal/modules/cjs/loader:220:24)\n' +
    '    at Module.require (node:internal/modules/cjs/loader:1311:12)\n' +
    '    at require (node:internal/modules/helpers:136:16)',
  stack: 'Error: Route.get() requires a callback function but got a [object Undefined]\n' +
    '    at Route.<computed> [as get] (/Users/junaid/Documents/PMS/backend/node_modules/express/lib/router/route.js:216:15)\n' +
    '    at Object.<anonymous> (/Users/junaid/Documents/PMS/backend/routes/tenant/tenants.js:55:4)\n' +
    '    at Module._compile (node:internal/modules/cjs/loader:1554:14)\n' +
    '    at Object..js (node:internal/modules/cjs/loader:1706:10)\n' +
    '    at Module.load (node:internal/modules/cjs/loader:1289:32)\n' +
    '    at Function._load (node:internal/modules/cjs/loader:1108:12)\n' +
    '    at TracingChannel.traceSync (node:diagnostics_channel:322:14)\n' +
    '    at wrapModuleLoad (node:internal/modules/cjs/loader:220:24)\n' +
    '    at Module.require (node:internal/modules/cjs/loader:1311:12)\n' +
    '    at require (node:internal/modules/helpers:136:16)',
  exception: true,
  date: 'Sun Jun 29 2025 00:41:41 GMT-0500 (Central Daylight Time)',
  process: {
    pid: 66680,
    uid: 501,
    gid: 20,
    cwd: '/Users/junaid/Documents/PMS/backend',
    execPath: '/usr/local/bin/node',
    version: 'v22.14.0',
    argv: [
      '/usr/local/bin/node',
      '/Users/junaid/Documents/PMS/backend/server.js'
    ],
    memoryUsage: {
      rss: 75845632,
      heapTotal: 35041280,
      heapUsed: 24603464,
      external: 2170236,
      arrayBuffers: 16799
    }
  },
  os: {
    loadavg: [ 4.73095703125, 3.91943359375, 3.515625 ],
    uptime: 952659
  },
  trace: [
    {
      column: 15,
      file: '/Users/junaid/Documents/PMS/backend/node_modules/express/lib/router/route.js',
      function: 'Route.<computed> [as get]',
      line: 216,
      method: '<computed> [as get]',
      native: false
    },
    {
      column: 4,
      file: '/Users/junaid/Documents/PMS/backend/routes/tenant/tenants.js',
      function: null,
      line: 55,
      method: null,
      native: false
    },
    {
      column: 14,
      file: 'node:internal/modules/cjs/loader',
      function: 'Module._compile',
      line: 1554,
      method: '_compile',
      native: false
    },
    {
      column: 10,
      file: 'node:internal/modules/cjs/loader',
      function: 'Object..js',
      line: 1706,
      method: '.js',
      native: false
    },
    {
      column: 32,
      file: 'node:internal/modules/cjs/loader',
      function: 'Module.load',
      line: 1289,
      method: 'load',
      native: false
    },
    {
      column: 12,
      file: 'node:internal/modules/cjs/loader',
      function: 'Function._load',
      line: 1108,
      method: '_load',
      native: false
    },
    {
      column: 14,
      file: 'node:diagnostics_channel',
      function: 'TracingChannel.traceSync',
      line: 322,
      method: 'traceSync',
      native: false
    },
    {
      column: 24,
      file: 'node:internal/modules/cjs/loader',
      function: 'wrapModuleLoad',
      line: 220,
      method: null,
      native: false
    },
    {
      column: 12,
      file: 'node:internal/modules/cjs/loader',
      function: 'Module.require',
      line: 1311,
      method: 'require',
      native: false
    },
    {
      column: 16,
      file: 'node:internal/modules/helpers',
      function: 'require',
      line: 136,
      method: null,
      native: false
    }
  ],
  service: 'pms-api',
  timestamp: '2025-06-29 00:41:41'
}
{
  error: Error: Route.get() requires a callback function but got a [object Undefined]
      at Route.<computed> [as get] (/Users/junaid/Documents/PMS/backend/node_modules/express/lib/router/route.js:216:15)
      at Object.<anonymous> (/Users/junaid/Documents/PMS/backend/routes/tenant/tenants.js:55:4)
      at Module._compile (node:internal/modules/cjs/loader:1554:14)
      at Object..js (node:internal/modules/cjs/loader:1706:10)
      at Module.load (node:internal/modules/cjs/loader:1289:32)
      at Function._load (node:internal/modules/cjs/loader:1108:12)
      at TracingChannel.traceSync (node:diagnostics_channel:322:14)
      at wrapModuleLoad (node:internal/modules/cjs/loader:220:24)
      at Module.require (node:internal/modules/cjs/loader:1311:12)
      at require (node:internal/modules/helpers:136:16),
  level: 'error',
  message: 'uncaughtException: Route.get() requires a callback function but got a [object Undefined]\n' +
    'Error: Route.get() requires a callback function but got a [object Undefined]\n' +
    '    at Route.<computed> [as get] (/Users/junaid/Documents/PMS/backend/node_modules/express/lib/router/route.js:216:15)\n' +
    '    at Object.<anonymous> (/Users/junaid/Documents/PMS/backend/routes/tenant/tenants.js:55:4)\n' +
    '    at Module._compile (node:internal/modules/cjs/loader:1554:14)\n' +
    '    at Object..js (node:internal/modules/cjs/loader:1706:10)\n' +
    '    at Module.load (node:internal/modules/cjs/loader:1289:32)\n' +
    '    at Function._load (node:internal/modules/cjs/loader:1108:12)\n' +
    '    at TracingChannel.traceSync (node:diagnostics_channel:322:14)\n' +
    '    at wrapModuleLoad (node:internal/modules/cjs/loader:220:24)\n' +
    '    at Module.require (node:internal/modules/cjs/loader:1311:12)\n' +
    '    at require (node:internal/modules/helpers:136:16)',
  stack: 'Error: Route.get() requires a callback function but got a [object Undefined]\n' +
    '    at Route.<computed> [as get] (/Users/junaid/Documents/PMS/backend/node_modules/express/lib/router/route.js:216:15)\n' +
    '    at Object.<anonymous> (/Users/junaid/Documents/PMS/backend/routes/tenant/tenants.js:55:4)\n' +
    '    at Module._compile (node:internal/modules/cjs/loader:1554:14)\n' +
    '    at Object..js (node:internal/modules/cjs/loader:1706:10)\n' +
    '    at Module.load (node:internal/modules/cjs/loader:1289:32)\n' +
    '    at Function._load (node:internal/modules/cjs/loader:1108:12)\n' +
    '    at TracingChannel.traceSync (node:diagnostics_channel:322:14)\n' +
    '    at wrapModuleLoad (node:internal/modules/cjs/loader:220:24)\n' +
    '    at Module.require (node:internal/modules/cjs/loader:1311:12)\n' +
    '    at require (node:internal/modules/helpers:136:16)',
  exception: true,
  date: 'Sun Jun 29 2025 00:42:09 GMT-0500 (Central Daylight Time)',
  process: {
    pid: 66720,
    uid: 501,
    gid: 20,
    cwd: '/Users/junaid/Documents/PMS/backend',
    execPath: '/usr/local/bin/node',
    version: 'v22.14.0',
    argv: [
      '/usr/local/bin/node',
      '/Users/junaid/Documents/PMS/backend/server.js'
    ],
    memoryUsage: {
      rss: 72519680,
      heapTotal: 36876288,
      heapUsed: 24452912,
      external: 2170236,
      arrayBuffers: 16799
    }
  },
  os: {
    loadavg: [ 3.93505859375, 3.783203125, 3.47705078125 ],
    uptime: 952687
  },
  trace: [
    {
      column: 15,
      file: '/Users/junaid/Documents/PMS/backend/node_modules/express/lib/router/route.js',
      function: 'Route.<computed> [as get]',
      line: 216,
      method: '<computed> [as get]',
      native: false
    },
    {
      column: 4,
      file: '/Users/junaid/Documents/PMS/backend/routes/tenant/tenants.js',
      function: null,
      line: 55,
      method: null,
      native: false
    },
    {
      column: 14,
      file: 'node:internal/modules/cjs/loader',
      function: 'Module._compile',
      line: 1554,
      method: '_compile',
      native: false
    },
    {
      column: 10,
      file: 'node:internal/modules/cjs/loader',
      function: 'Object..js',
      line: 1706,
      method: '.js',
      native: false
    },
    {
      column: 32,
      file: 'node:internal/modules/cjs/loader',
      function: 'Module.load',
      line: 1289,
      method: 'load',
      native: false
    },
    {
      column: 12,
      file: 'node:internal/modules/cjs/loader',
      function: 'Function._load',
      line: 1108,
      method: '_load',
      native: false
    },
    {
      column: 14,
      file: 'node:diagnostics_channel',
      function: 'TracingChannel.traceSync',
      line: 322,
      method: 'traceSync',
      native: false
    },
    {
      column: 24,
      file: 'node:internal/modules/cjs/loader',
      function: 'wrapModuleLoad',
      line: 220,
      method: null,
      native: false
    },
    {
      column: 12,
      file: 'node:internal/modules/cjs/loader',
      function: 'Module.require',
      line: 1311,
      method: 'require',
      native: false
    },
    {
      column: 16,
      file: 'node:internal/modules/helpers',
      function: 'require',
      line: 136,
      method: null,
      native: false
    }
  ],
  service: 'pms-api',
  timestamp: '2025-06-29 00:42:09'
}
{
  error: Error: Route.get() requires a callback function but got a [object Undefined]
      at Route.<computed> [as get] (/Users/junaid/Documents/PMS/backend/node_modules/express/lib/router/route.js:216:15)
      at Object.<anonymous> (/Users/junaid/Documents/PMS/backend/routes/tenant/tenants.js:55:4)
      at Module._compile (node:internal/modules/cjs/loader:1554:14)
      at Object..js (node:internal/modules/cjs/loader:1706:10)
      at Module.load (node:internal/modules/cjs/loader:1289:32)
      at Function._load (node:internal/modules/cjs/loader:1108:12)
      at TracingChannel.traceSync (node:diagnostics_channel:322:14)
      at wrapModuleLoad (node:internal/modules/cjs/loader:220:24)
      at Module.require (node:internal/modules/cjs/loader:1311:12)
      at require (node:internal/modules/helpers:136:16),
  level: 'error',
  message: 'uncaughtException: Route.get() requires a callback function but got a [object Undefined]\n' +
    'Error: Route.get() requires a callback function but got a [object Undefined]\n' +
    '    at Route.<computed> [as get] (/Users/junaid/Documents/PMS/backend/node_modules/express/lib/router/route.js:216:15)\n' +
    '    at Object.<anonymous> (/Users/junaid/Documents/PMS/backend/routes/tenant/tenants.js:55:4)\n' +
    '    at Module._compile (node:internal/modules/cjs/loader:1554:14)\n' +
    '    at Object..js (node:internal/modules/cjs/loader:1706:10)\n' +
    '    at Module.load (node:internal/modules/cjs/loader:1289:32)\n' +
    '    at Function._load (node:internal/modules/cjs/loader:1108:12)\n' +
    '    at TracingChannel.traceSync (node:diagnostics_channel:322:14)\n' +
    '    at wrapModuleLoad (node:internal/modules/cjs/loader:220:24)\n' +
    '    at Module.require (node:internal/modules/cjs/loader:1311:12)\n' +
    '    at require (node:internal/modules/helpers:136:16)',
  stack: 'Error: Route.get() requires a callback function but got a [object Undefined]\n' +
    '    at Route.<computed> [as get] (/Users/junaid/Documents/PMS/backend/node_modules/express/lib/router/route.js:216:15)\n' +
    '    at Object.<anonymous> (/Users/junaid/Documents/PMS/backend/routes/tenant/tenants.js:55:4)\n' +
    '    at Module._compile (node:internal/modules/cjs/loader:1554:14)\n' +
    '    at Object..js (node:internal/modules/cjs/loader:1706:10)\n' +
    '    at Module.load (node:internal/modules/cjs/loader:1289:32)\n' +
    '    at Function._load (node:internal/modules/cjs/loader:1108:12)\n' +
    '    at TracingChannel.traceSync (node:diagnostics_channel:322:14)\n' +
    '    at wrapModuleLoad (node:internal/modules/cjs/loader:220:24)\n' +
    '    at Module.require (node:internal/modules/cjs/loader:1311:12)\n' +
    '    at require (node:internal/modules/helpers:136:16)',
  exception: true,
  date: 'Sun Jun 29 2025 00:42:21 GMT-0500 (Central Daylight Time)',
  process: {
    pid: 66744,
    uid: 501,
    gid: 20,
    cwd: '/Users/junaid/Documents/PMS/backend',
    execPath: '/usr/local/bin/node',
    version: 'v22.14.0',
    argv: [
      '/usr/local/bin/node',
      '/Users/junaid/Documents/PMS/backend/server.js'
    ],
    memoryUsage: {
      rss: 76443648,
      heapTotal: 35041280,
      heapUsed: 24604712,
      external: 2170236,
      arrayBuffers: 16799
    }
  },
  os: {
    loadavg: [ 5.22900390625, 4.05859375, 3.57958984375 ],
    uptime: 952699
  },
  trace: [
    {
      column: 15,
      file: '/Users/junaid/Documents/PMS/backend/node_modules/express/lib/router/route.js',
      function: 'Route.<computed> [as get]',
      line: 216,
      method: '<computed> [as get]',
      native: false
    },
    {
      column: 4,
      file: '/Users/junaid/Documents/PMS/backend/routes/tenant/tenants.js',
      function: null,
      line: 55,
      method: null,
      native: false
    },
    {
      column: 14,
      file: 'node:internal/modules/cjs/loader',
      function: 'Module._compile',
      line: 1554,
      method: '_compile',
      native: false
    },
    {
      column: 10,
      file: 'node:internal/modules/cjs/loader',
      function: 'Object..js',
      line: 1706,
      method: '.js',
      native: false
    },
    {
      column: 32,
      file: 'node:internal/modules/cjs/loader',
      function: 'Module.load',
      line: 1289,
      method: 'load',
      native: false
    },
    {
      column: 12,
      file: 'node:internal/modules/cjs/loader',
      function: 'Function._load',
      line: 1108,
      method: '_load',
      native: false
    },
    {
      column: 14,
      file: 'node:diagnostics_channel',
      function: 'TracingChannel.traceSync',
      line: 322,
      method: 'traceSync',
      native: false
    },
    {
      column: 24,
      file: 'node:internal/modules/cjs/loader',
      function: 'wrapModuleLoad',
      line: 220,
      method: null,
      native: false
    },
    {
      column: 12,
      file: 'node:internal/modules/cjs/loader',
      function: 'Module.require',
      line: 1311,
      method: 'require',
      native: false
    },
    {
      column: 16,
      file: 'node:internal/modules/helpers',
      function: 'require',
      line: 136,
      method: null,
      native: false
    }
  ],
  service: 'pms-api',
  timestamp: '2025-06-29 00:42:21'
}
{
  error: Error: Route.get() requires a callback function but got a [object Undefined]
      at Route.<computed> [as get] (/Users/junaid/Documents/PMS/backend/node_modules/express/lib/router/route.js:216:15)
      at Object.<anonymous> (/Users/junaid/Documents/PMS/backend/routes/tenant/tenants.js:55:4)
      at Module._compile (node:internal/modules/cjs/loader:1554:14)
      at Object..js (node:internal/modules/cjs/loader:1706:10)
      at Module.load (node:internal/modules/cjs/loader:1289:32)
      at Function._load (node:internal/modules/cjs/loader:1108:12)
      at TracingChannel.traceSync (node:diagnostics_channel:322:14)
      at wrapModuleLoad (node:internal/modules/cjs/loader:220:24)
      at Module.require (node:internal/modules/cjs/loader:1311:12)
      at require (node:internal/modules/helpers:136:16),
  level: 'error',
  message: 'uncaughtException: Route.get() requires a callback function but got a [object Undefined]\n' +
    'Error: Route.get() requires a callback function but got a [object Undefined]\n' +
    '    at Route.<computed> [as get] (/Users/junaid/Documents/PMS/backend/node_modules/express/lib/router/route.js:216:15)\n' +
    '    at Object.<anonymous> (/Users/junaid/Documents/PMS/backend/routes/tenant/tenants.js:55:4)\n' +
    '    at Module._compile (node:internal/modules/cjs/loader:1554:14)\n' +
    '    at Object..js (node:internal/modules/cjs/loader:1706:10)\n' +
    '    at Module.load (node:internal/modules/cjs/loader:1289:32)\n' +
    '    at Function._load (node:internal/modules/cjs/loader:1108:12)\n' +
    '    at TracingChannel.traceSync (node:diagnostics_channel:322:14)\n' +
    '    at wrapModuleLoad (node:internal/modules/cjs/loader:220:24)\n' +
    '    at Module.require (node:internal/modules/cjs/loader:1311:12)\n' +
    '    at require (node:internal/modules/helpers:136:16)',
  stack: 'Error: Route.get() requires a callback function but got a [object Undefined]\n' +
    '    at Route.<computed> [as get] (/Users/junaid/Documents/PMS/backend/node_modules/express/lib/router/route.js:216:15)\n' +
    '    at Object.<anonymous> (/Users/junaid/Documents/PMS/backend/routes/tenant/tenants.js:55:4)\n' +
    '    at Module._compile (node:internal/modules/cjs/loader:1554:14)\n' +
    '    at Object..js (node:internal/modules/cjs/loader:1706:10)\n' +
    '    at Module.load (node:internal/modules/cjs/loader:1289:32)\n' +
    '    at Function._load (node:internal/modules/cjs/loader:1108:12)\n' +
    '    at TracingChannel.traceSync (node:diagnostics_channel:322:14)\n' +
    '    at wrapModuleLoad (node:internal/modules/cjs/loader:220:24)\n' +
    '    at Module.require (node:internal/modules/cjs/loader:1311:12)\n' +
    '    at require (node:internal/modules/helpers:136:16)',
  exception: true,
  date: 'Sun Jun 29 2025 00:45:19 GMT-0500 (Central Daylight Time)',
  process: {
    pid: 66950,
    uid: 501,
    gid: 20,
    cwd: '/Users/junaid/Documents/PMS/backend',
    execPath: '/usr/local/bin/node',
    version: 'v22.14.0',
    argv: [
      '/usr/local/bin/node',
      '/Users/junaid/Documents/PMS/backend/server.js'
    ],
    memoryUsage: {
      rss: 76902400,
      heapTotal: 35041280,
      heapUsed: 24602704,
      external: 2170236,
      arrayBuffers: 16799
    }
  },
  os: {
    loadavg: [ 3.14794921875, 3.734375, 3.53759765625 ],
    uptime: 952877
  },
  trace: [
    {
      column: 15,
      file: '/Users/junaid/Documents/PMS/backend/node_modules/express/lib/router/route.js',
      function: 'Route.<computed> [as get]',
      line: 216,
      method: '<computed> [as get]',
      native: false
    },
    {
      column: 4,
      file: '/Users/junaid/Documents/PMS/backend/routes/tenant/tenants.js',
      function: null,
      line: 55,
      method: null,
      native: false
    },
    {
      column: 14,
      file: 'node:internal/modules/cjs/loader',
      function: 'Module._compile',
      line: 1554,
      method: '_compile',
      native: false
    },
    {
      column: 10,
      file: 'node:internal/modules/cjs/loader',
      function: 'Object..js',
      line: 1706,
      method: '.js',
      native: false
    },
    {
      column: 32,
      file: 'node:internal/modules/cjs/loader',
      function: 'Module.load',
      line: 1289,
      method: 'load',
      native: false
    },
    {
      column: 12,
      file: 'node:internal/modules/cjs/loader',
      function: 'Function._load',
      line: 1108,
      method: '_load',
      native: false
    },
    {
      column: 14,
      file: 'node:diagnostics_channel',
      function: 'TracingChannel.traceSync',
      line: 322,
      method: 'traceSync',
      native: false
    },
    {
      column: 24,
      file: 'node:internal/modules/cjs/loader',
      function: 'wrapModuleLoad',
      line: 220,
      method: null,
      native: false
    },
    {
      column: 12,
      file: 'node:internal/modules/cjs/loader',
      function: 'Module.require',
      line: 1311,
      method: 'require',
      native: false
    },
    {
      column: 16,
      file: 'node:internal/modules/helpers',
      function: 'require',
      line: 136,
      method: null,
      native: false
    }
  ],
  service: 'pms-api',
  timestamp: '2025-06-29 00:45:19'
}
